INFO - 2023-01-29 07:18:33 --> Session: Class initialized using 'CodeIgniter\Session\Handlers\FileHandler' driver.
CRITICAL - 2023-01-29 07:18:33 --> Call to a member function orderBy() on null
in APPPATH\Controllers\UserController.php on line 27.
 1 SYSTEMPATH\CodeIgniter.php(934): App\Controllers\UserController->index()
 2 SYSTEMPATH\CodeIgniter.php(499): CodeIgniter\CodeIgniter->runController()
 3 SYSTEMPATH\CodeIgniter.php(368): CodeIgniter\CodeIgniter->handleRequest()
 4 FCPATH\index.php(69): CodeIgniter\CodeIgniter->run()
INFO - 2023-01-29 07:19:15 --> Session: Class initialized using 'CodeIgniter\Session\Handlers\FileHandler' driver.
CRITICAL - 2023-01-29 07:19:15 --> Invalid file: "user/index.php"
in SYSTEMPATH\Exceptions\FrameworkException.php on line 33.
 1 SYSTEMPATH\View\View.php(201): CodeIgniter\Exceptions\FrameworkException::forInvalidFile()
 2 SYSTEMPATH\Common.php(1177): CodeIgniter\View\View->render()
 3 APPPATH\Controllers\UserController.php(28): view()
 4 SYSTEMPATH\CodeIgniter.php(934): App\Controllers\UserController->index()
 5 SYSTEMPATH\CodeIgniter.php(499): CodeIgniter\CodeIgniter->runController()
 6 SYSTEMPATH\CodeIgniter.php(368): CodeIgniter\CodeIgniter->handleRequest()
 7 FCPATH\index.php(69): CodeIgniter\CodeIgniter->run()
INFO - 2023-01-29 07:21:38 --> Session: Class initialized using 'CodeIgniter\Session\Handlers\FileHandler' driver.
CRITICAL - 2023-01-29 07:21:38 --> Invalid file: "user/index.php"
in SYSTEMPATH\Exceptions\FrameworkException.php on line 33.
 1 SYSTEMPATH\View\View.php(201): CodeIgniter\Exceptions\FrameworkException::forInvalidFile()
 2 SYSTEMPATH\Common.php(1177): CodeIgniter\View\View->render()
 3 APPPATH\Controllers\UserController.php(28): view()
 4 SYSTEMPATH\CodeIgniter.php(934): App\Controllers\UserController->index()
 5 SYSTEMPATH\CodeIgniter.php(499): CodeIgniter\CodeIgniter->runController()
 6 SYSTEMPATH\CodeIgniter.php(368): CodeIgniter\CodeIgniter->handleRequest()
 7 FCPATH\index.php(69): CodeIgniter\CodeIgniter->run()
INFO - 2023-01-29 07:21:40 --> Session: Class initialized using 'CodeIgniter\Session\Handlers\FileHandler' driver.
CRITICAL - 2023-01-29 07:21:40 --> Invalid file: "user/index.php"
in SYSTEMPATH\Exceptions\FrameworkException.php on line 33.
 1 SYSTEMPATH\View\View.php(201): CodeIgniter\Exceptions\FrameworkException::forInvalidFile()
 2 SYSTEMPATH\Common.php(1177): CodeIgniter\View\View->render()
 3 APPPATH\Controllers\UserController.php(28): view()
 4 SYSTEMPATH\CodeIgniter.php(934): App\Controllers\UserController->index()
 5 SYSTEMPATH\CodeIgniter.php(499): CodeIgniter\CodeIgniter->runController()
 6 SYSTEMPATH\CodeIgniter.php(368): CodeIgniter\CodeIgniter->handleRequest()
 7 FCPATH\index.php(69): CodeIgniter\CodeIgniter->run()
INFO - 2023-01-29 07:21:41 --> Session: Class initialized using 'CodeIgniter\Session\Handlers\FileHandler' driver.
CRITICAL - 2023-01-29 07:21:41 --> Invalid file: "user/index.php"
in SYSTEMPATH\Exceptions\FrameworkException.php on line 33.
 1 SYSTEMPATH\View\View.php(201): CodeIgniter\Exceptions\FrameworkException::forInvalidFile()
 2 SYSTEMPATH\Common.php(1177): CodeIgniter\View\View->render()
 3 APPPATH\Controllers\UserController.php(28): view()
 4 SYSTEMPATH\CodeIgniter.php(934): App\Controllers\UserController->index()
 5 SYSTEMPATH\CodeIgniter.php(499): CodeIgniter\CodeIgniter->runController()
 6 SYSTEMPATH\CodeIgniter.php(368): CodeIgniter\CodeIgniter->handleRequest()
 7 FCPATH\index.php(69): CodeIgniter\CodeIgniter->run()
INFO - 2023-01-29 07:21:56 --> Session: Class initialized using 'CodeIgniter\Session\Handlers\FileHandler' driver.
CRITICAL - 2023-01-29 07:21:56 --> count(): Argument #1 ($value) must be of type Countable|array, null given
in APPPATH\Views\users\index.php on line 43.
 1 SYSTEMPATH\View\View.php(213): include()
 2 SYSTEMPATH\View\View.php(216): CodeIgniter\View\View->CodeIgniter\View\{closure}()
 3 SYSTEMPATH\Common.php(1177): CodeIgniter\View\View->render()
 4 APPPATH\Controllers\UserController.php(28): view()
 5 SYSTEMPATH\CodeIgniter.php(934): App\Controllers\UserController->index()
 6 SYSTEMPATH\CodeIgniter.php(499): CodeIgniter\CodeIgniter->runController()
 7 SYSTEMPATH\CodeIgniter.php(368): CodeIgniter\CodeIgniter->handleRequest()
 8 FCPATH\index.php(69): CodeIgniter\CodeIgniter->run()
INFO - 2023-01-29 07:22:41 --> Session: Class initialized using 'CodeIgniter\Session\Handlers\FileHandler' driver.
INFO - 2023-01-29 07:23:33 --> Session: Class initialized using 'CodeIgniter\Session\Handlers\FileHandler' driver.
INFO - 2023-01-29 09:12:00 --> Session: Class initialized using 'CodeIgniter\Session\Handlers\FileHandler' driver.
INFO - 2023-01-29 09:12:07 --> Session: Class initialized using 'CodeIgniter\Session\Handlers\FileHandler' driver.
INFO - 2023-01-29 09:12:30 --> Session: Class initialized using 'CodeIgniter\Session\Handlers\FileHandler' driver.
INFO - 2023-01-29 09:12:37 --> Session: Class initialized using 'CodeIgniter\Session\Handlers\FileHandler' driver.
INFO - 2023-01-29 09:13:12 --> Session: Class initialized using 'CodeIgniter\Session\Handlers\FileHandler' driver.
INFO - 2023-01-29 09:13:15 --> Session: Class initialized using 'CodeIgniter\Session\Handlers\FileHandler' driver.
CRITICAL - 2023-01-29 09:13:15 --> Invalid file: "user/create.php"
in SYSTEMPATH\Exceptions\FrameworkException.php on line 33.
 1 SYSTEMPATH\View\View.php(201): CodeIgniter\Exceptions\FrameworkException::forInvalidFile()
 2 SYSTEMPATH\Common.php(1177): CodeIgniter\View\View->render()
 3 APPPATH\Controllers\UserController.php(57): view()
 4 SYSTEMPATH\CodeIgniter.php(934): App\Controllers\UserController->new()
 5 SYSTEMPATH\CodeIgniter.php(499): CodeIgniter\CodeIgniter->runController()
 6 SYSTEMPATH\CodeIgniter.php(368): CodeIgniter\CodeIgniter->handleRequest()
 7 FCPATH\index.php(69): CodeIgniter\CodeIgniter->run()
INFO - 2023-01-29 09:13:45 --> Session: Class initialized using 'CodeIgniter\Session\Handlers\FileHandler' driver.
CRITICAL - 2023-01-29 09:13:45 --> Invalid file: "user/create.php"
in SYSTEMPATH\Exceptions\FrameworkException.php on line 33.
 1 SYSTEMPATH\View\View.php(201): CodeIgniter\Exceptions\FrameworkException::forInvalidFile()
 2 SYSTEMPATH\Common.php(1177): CodeIgniter\View\View->render()
 3 APPPATH\Controllers\UserController.php(57): view()
 4 SYSTEMPATH\CodeIgniter.php(934): App\Controllers\UserController->new()
 5 SYSTEMPATH\CodeIgniter.php(499): CodeIgniter\CodeIgniter->runController()
 6 SYSTEMPATH\CodeIgniter.php(368): CodeIgniter\CodeIgniter->handleRequest()
 7 FCPATH\index.php(69): CodeIgniter\CodeIgniter->run()
INFO - 2023-01-29 09:13:48 --> Session: Class initialized using 'CodeIgniter\Session\Handlers\FileHandler' driver.
CRITICAL - 2023-01-29 09:13:48 --> Invalid file: "user/create.php"
in SYSTEMPATH\Exceptions\FrameworkException.php on line 33.
 1 SYSTEMPATH\View\View.php(201): CodeIgniter\Exceptions\FrameworkException::forInvalidFile()
 2 SYSTEMPATH\Common.php(1177): CodeIgniter\View\View->render()
 3 APPPATH\Controllers\UserController.php(57): view()
 4 SYSTEMPATH\CodeIgniter.php(934): App\Controllers\UserController->new()
 5 SYSTEMPATH\CodeIgniter.php(499): CodeIgniter\CodeIgniter->runController()
 6 SYSTEMPATH\CodeIgniter.php(368): CodeIgniter\CodeIgniter->handleRequest()
 7 FCPATH\index.php(69): CodeIgniter\CodeIgniter->run()
INFO - 2023-01-29 09:14:04 --> Session: Class initialized using 'CodeIgniter\Session\Handlers\FileHandler' driver.
CRITICAL - 2023-01-29 09:14:04 --> Invalid file: "user/create.php"
in SYSTEMPATH\Exceptions\FrameworkException.php on line 33.
 1 SYSTEMPATH\View\View.php(201): CodeIgniter\Exceptions\FrameworkException::forInvalidFile()
 2 SYSTEMPATH\Common.php(1177): CodeIgniter\View\View->render()
 3 APPPATH\Controllers\UserController.php(57): view()
 4 SYSTEMPATH\CodeIgniter.php(934): App\Controllers\UserController->new()
 5 SYSTEMPATH\CodeIgniter.php(499): CodeIgniter\CodeIgniter->runController()
 6 SYSTEMPATH\CodeIgniter.php(368): CodeIgniter\CodeIgniter->handleRequest()
 7 FCPATH\index.php(69): CodeIgniter\CodeIgniter->run()
INFO - 2023-01-29 09:14:06 --> Session: Class initialized using 'CodeIgniter\Session\Handlers\FileHandler' driver.
CRITICAL - 2023-01-29 09:14:06 --> Invalid file: "user/create.php"
in SYSTEMPATH\Exceptions\FrameworkException.php on line 33.
 1 SYSTEMPATH\View\View.php(201): CodeIgniter\Exceptions\FrameworkException::forInvalidFile()
 2 SYSTEMPATH\Common.php(1177): CodeIgniter\View\View->render()
 3 APPPATH\Controllers\UserController.php(57): view()
 4 SYSTEMPATH\CodeIgniter.php(934): App\Controllers\UserController->new()
 5 SYSTEMPATH\CodeIgniter.php(499): CodeIgniter\CodeIgniter->runController()
 6 SYSTEMPATH\CodeIgniter.php(368): CodeIgniter\CodeIgniter->handleRequest()
 7 FCPATH\index.php(69): CodeIgniter\CodeIgniter->run()
INFO - 2023-01-29 09:14:07 --> Session: Class initialized using 'CodeIgniter\Session\Handlers\FileHandler' driver.
CRITICAL - 2023-01-29 09:14:07 --> Invalid file: "user/create.php"
in SYSTEMPATH\Exceptions\FrameworkException.php on line 33.
 1 SYSTEMPATH\View\View.php(201): CodeIgniter\Exceptions\FrameworkException::forInvalidFile()
 2 SYSTEMPATH\Common.php(1177): CodeIgniter\View\View->render()
 3 APPPATH\Controllers\UserController.php(57): view()
 4 SYSTEMPATH\CodeIgniter.php(934): App\Controllers\UserController->new()
 5 SYSTEMPATH\CodeIgniter.php(499): CodeIgniter\CodeIgniter->runController()
 6 SYSTEMPATH\CodeIgniter.php(368): CodeIgniter\CodeIgniter->handleRequest()
 7 FCPATH\index.php(69): CodeIgniter\CodeIgniter->run()
INFO - 2023-01-29 09:14:45 --> Session: Class initialized using 'CodeIgniter\Session\Handlers\FileHandler' driver.
INFO - 2023-01-29 09:15:32 --> Session: Class initialized using 'CodeIgniter\Session\Handlers\FileHandler' driver.
INFO - 2023-01-29 09:15:47 --> Session: Class initialized using 'CodeIgniter\Session\Handlers\FileHandler' driver.
INFO - 2023-01-29 09:16:22 --> Session: Class initialized using 'CodeIgniter\Session\Handlers\FileHandler' driver.
INFO - 2023-01-29 09:16:32 --> Session: Class initialized using 'CodeIgniter\Session\Handlers\FileHandler' driver.
CRITICAL - 2023-01-29 09:16:32 --> Allowed fields must be specified for model: "App\Models\User"
in SYSTEMPATH\BaseModel.php on line 1242.
 1 SYSTEMPATH\BaseModel.php(1242): CodeIgniter\Database\Exceptions\DataException::forInvalidAllowedFields()
 2 SYSTEMPATH\BaseModel.php(757): CodeIgniter\BaseModel->doProtectFields()
 3 SYSTEMPATH\Model.php(729): CodeIgniter\BaseModel->insert()
 4 SYSTEMPATH\BaseModel.php(692): CodeIgniter\Model->insert()
 5 APPPATH\Controllers\UserController.php(81): CodeIgniter\BaseModel->save()
 6 SYSTEMPATH\CodeIgniter.php(934): App\Controllers\UserController->create()
 7 SYSTEMPATH\CodeIgniter.php(499): CodeIgniter\CodeIgniter->runController()
 8 SYSTEMPATH\CodeIgniter.php(368): CodeIgniter\CodeIgniter->handleRequest()
 9 FCPATH\index.php(69): CodeIgniter\CodeIgniter->run()
INFO - 2023-01-29 09:17:22 --> Session: Class initialized using 'CodeIgniter\Session\Handlers\FileHandler' driver.
INFO - 2023-01-29 09:17:33 --> Session: Class initialized using 'CodeIgniter\Session\Handlers\FileHandler' driver.
INFO - 2023-01-29 09:17:35 --> Session: Class initialized using 'CodeIgniter\Session\Handlers\FileHandler' driver.
INFO - 2023-01-29 09:17:37 --> Session: Class initialized using 'CodeIgniter\Session\Handlers\FileHandler' driver.
INFO - 2023-01-29 09:17:38 --> Session: Class initialized using 'CodeIgniter\Session\Handlers\FileHandler' driver.
INFO - 2023-01-29 09:18:05 --> Session: Class initialized using 'CodeIgniter\Session\Handlers\FileHandler' driver.
INFO - 2023-01-29 09:18:43 --> Session: Class initialized using 'CodeIgniter\Session\Handlers\FileHandler' driver.
INFO - 2023-01-29 09:19:12 --> Session: Class initialized using 'CodeIgniter\Session\Handlers\FileHandler' driver.
INFO - 2023-01-29 09:19:14 --> Session: Class initialized using 'CodeIgniter\Session\Handlers\FileHandler' driver.
INFO - 2023-01-29 09:19:23 --> Session: Class initialized using 'CodeIgniter\Session\Handlers\FileHandler' driver.
CRITICAL - 2023-01-29 09:19:23 --> Allowed fields must be specified for model: "App\Models\User"
in SYSTEMPATH\BaseModel.php on line 1242.
 1 SYSTEMPATH\BaseModel.php(1242): CodeIgniter\Database\Exceptions\DataException::forInvalidAllowedFields()
 2 SYSTEMPATH\BaseModel.php(757): CodeIgniter\BaseModel->doProtectFields()
 3 SYSTEMPATH\Model.php(729): CodeIgniter\BaseModel->insert()
 4 SYSTEMPATH\BaseModel.php(692): CodeIgniter\Model->insert()
 5 APPPATH\Controllers\UserController.php(82): CodeIgniter\BaseModel->save()
 6 SYSTEMPATH\CodeIgniter.php(934): App\Controllers\UserController->create()
 7 SYSTEMPATH\CodeIgniter.php(499): CodeIgniter\CodeIgniter->runController()
 8 SYSTEMPATH\CodeIgniter.php(368): CodeIgniter\CodeIgniter->handleRequest()
 9 FCPATH\index.php(69): CodeIgniter\CodeIgniter->run()
INFO - 2023-01-29 09:19:55 --> Session: Class initialized using 'CodeIgniter\Session\Handlers\FileHandler' driver.
INFO - 2023-01-29 09:20:09 --> Session: Class initialized using 'CodeIgniter\Session\Handlers\FileHandler' driver.
CRITICAL - 2023-01-29 09:20:09 --> Allowed fields must be specified for model: "App\Models\User"
in SYSTEMPATH\BaseModel.php on line 1242.
 1 SYSTEMPATH\BaseModel.php(1242): CodeIgniter\Database\Exceptions\DataException::forInvalidAllowedFields()
 2 SYSTEMPATH\BaseModel.php(757): CodeIgniter\BaseModel->doProtectFields()
 3 SYSTEMPATH\Model.php(729): CodeIgniter\BaseModel->insert()
 4 SYSTEMPATH\BaseModel.php(692): CodeIgniter\Model->insert()
 5 APPPATH\Controllers\UserController.php(82): CodeIgniter\BaseModel->save()
 6 SYSTEMPATH\CodeIgniter.php(934): App\Controllers\UserController->create()
 7 SYSTEMPATH\CodeIgniter.php(499): CodeIgniter\CodeIgniter->runController()
 8 SYSTEMPATH\CodeIgniter.php(368): CodeIgniter\CodeIgniter->handleRequest()
 9 FCPATH\index.php(69): CodeIgniter\CodeIgniter->run()
INFO - 2023-01-29 09:21:58 --> Session: Class initialized using 'CodeIgniter\Session\Handlers\FileHandler' driver.
INFO - 2023-01-29 09:23:32 --> Session: Class initialized using 'CodeIgniter\Session\Handlers\FileHandler' driver.
INFO - 2023-01-29 09:23:41 --> Session: Class initialized using 'CodeIgniter\Session\Handlers\FileHandler' driver.
CRITICAL - 2023-01-29 09:23:41 --> Allowed fields must be specified for model: "App\Models\User"
in SYSTEMPATH\BaseModel.php on line 1242.
 1 SYSTEMPATH\BaseModel.php(1242): CodeIgniter\Database\Exceptions\DataException::forInvalidAllowedFields()
 2 SYSTEMPATH\BaseModel.php(757): CodeIgniter\BaseModel->doProtectFields()
 3 SYSTEMPATH\Model.php(729): CodeIgniter\BaseModel->insert()
 4 SYSTEMPATH\BaseModel.php(692): CodeIgniter\Model->insert()
 5 APPPATH\Controllers\UserController.php(82): CodeIgniter\BaseModel->save()
 6 SYSTEMPATH\CodeIgniter.php(934): App\Controllers\UserController->create()
 7 SYSTEMPATH\CodeIgniter.php(499): CodeIgniter\CodeIgniter->runController()
 8 SYSTEMPATH\CodeIgniter.php(368): CodeIgniter\CodeIgniter->handleRequest()
 9 FCPATH\index.php(69): CodeIgniter\CodeIgniter->run()
INFO - 2023-01-29 09:23:53 --> Session: Class initialized using 'CodeIgniter\Session\Handlers\FileHandler' driver.
INFO - 2023-01-29 09:23:54 --> Session: Class initialized using 'CodeIgniter\Session\Handlers\FileHandler' driver.
INFO - 2023-01-29 09:24:25 --> Session: Class initialized using 'CodeIgniter\Session\Handlers\FileHandler' driver.
CRITICAL - 2023-01-29 09:24:25 --> Allowed fields must be specified for model: "App\Models\User"
in SYSTEMPATH\BaseModel.php on line 1242.
 1 SYSTEMPATH\BaseModel.php(1242): CodeIgniter\Database\Exceptions\DataException::forInvalidAllowedFields()
 2 SYSTEMPATH\BaseModel.php(757): CodeIgniter\BaseModel->doProtectFields()
 3 SYSTEMPATH\Model.php(729): CodeIgniter\BaseModel->insert()
 4 SYSTEMPATH\BaseModel.php(692): CodeIgniter\Model->insert()
 5 APPPATH\Controllers\UserController.php(82): CodeIgniter\BaseModel->save()
 6 SYSTEMPATH\CodeIgniter.php(934): App\Controllers\UserController->create()
 7 SYSTEMPATH\CodeIgniter.php(499): CodeIgniter\CodeIgniter->runController()
 8 SYSTEMPATH\CodeIgniter.php(368): CodeIgniter\CodeIgniter->handleRequest()
 9 FCPATH\index.php(69): CodeIgniter\CodeIgniter->run()
INFO - 2023-01-29 09:26:42 --> Session: Class initialized using 'CodeIgniter\Session\Handlers\FileHandler' driver.
CRITICAL - 2023-01-29 09:26:42 --> Allowed fields must be specified for model: "App\Models\User"
in SYSTEMPATH\BaseModel.php on line 1242.
 1 SYSTEMPATH\BaseModel.php(1242): CodeIgniter\Database\Exceptions\DataException::forInvalidAllowedFields()
 2 SYSTEMPATH\BaseModel.php(757): CodeIgniter\BaseModel->doProtectFields()
 3 SYSTEMPATH\Model.php(729): CodeIgniter\BaseModel->insert()
 4 SYSTEMPATH\BaseModel.php(692): CodeIgniter\Model->insert()
 5 APPPATH\Controllers\UserController.php(83): CodeIgniter\BaseModel->save()
 6 SYSTEMPATH\CodeIgniter.php(934): App\Controllers\UserController->create()
 7 SYSTEMPATH\CodeIgniter.php(499): CodeIgniter\CodeIgniter->runController()
 8 SYSTEMPATH\CodeIgniter.php(368): CodeIgniter\CodeIgniter->handleRequest()
 9 FCPATH\index.php(69): CodeIgniter\CodeIgniter->run()
INFO - 2023-01-29 09:26:45 --> Session: Class initialized using 'CodeIgniter\Session\Handlers\FileHandler' driver.
INFO - 2023-01-29 09:26:58 --> Session: Class initialized using 'CodeIgniter\Session\Handlers\FileHandler' driver.
CRITICAL - 2023-01-29 09:26:58 --> Allowed fields must be specified for model: "App\Models\User"
in SYSTEMPATH\BaseModel.php on line 1242.
 1 SYSTEMPATH\BaseModel.php(1242): CodeIgniter\Database\Exceptions\DataException::forInvalidAllowedFields()
 2 SYSTEMPATH\BaseModel.php(757): CodeIgniter\BaseModel->doProtectFields()
 3 SYSTEMPATH\Model.php(729): CodeIgniter\BaseModel->insert()
 4 SYSTEMPATH\BaseModel.php(692): CodeIgniter\Model->insert()
 5 APPPATH\Controllers\UserController.php(83): CodeIgniter\BaseModel->save()
 6 SYSTEMPATH\CodeIgniter.php(934): App\Controllers\UserController->create()
 7 SYSTEMPATH\CodeIgniter.php(499): CodeIgniter\CodeIgniter->runController()
 8 SYSTEMPATH\CodeIgniter.php(368): CodeIgniter\CodeIgniter->handleRequest()
 9 FCPATH\index.php(69): CodeIgniter\CodeIgniter->run()
INFO - 2023-01-29 09:27:59 --> Session: Class initialized using 'CodeIgniter\Session\Handlers\FileHandler' driver.
CRITICAL - 2023-01-29 09:27:59 --> Allowed fields must be specified for model: "App\Models\User"
in SYSTEMPATH\BaseModel.php on line 1242.
 1 SYSTEMPATH\BaseModel.php(1242): CodeIgniter\Database\Exceptions\DataException::forInvalidAllowedFields()
 2 SYSTEMPATH\BaseModel.php(757): CodeIgniter\BaseModel->doProtectFields()
 3 SYSTEMPATH\Model.php(729): CodeIgniter\BaseModel->insert()
 4 SYSTEMPATH\BaseModel.php(692): CodeIgniter\Model->insert()
 5 APPPATH\Controllers\UserController.php(83): CodeIgniter\BaseModel->save()
 6 SYSTEMPATH\CodeIgniter.php(934): App\Controllers\UserController->create()
 7 SYSTEMPATH\CodeIgniter.php(499): CodeIgniter\CodeIgniter->runController()
 8 SYSTEMPATH\CodeIgniter.php(368): CodeIgniter\CodeIgniter->handleRequest()
 9 FCPATH\index.php(69): CodeIgniter\CodeIgniter->run()
INFO - 2023-01-29 09:28:29 --> Session: Class initialized using 'CodeIgniter\Session\Handlers\FileHandler' driver.
INFO - 2023-01-29 09:28:33 --> Session: Class initialized using 'CodeIgniter\Session\Handlers\FileHandler' driver.
CRITICAL - 2023-01-29 09:28:33 --> Allowed fields must be specified for model: "App\Models\User"
in SYSTEMPATH\BaseModel.php on line 1242.
 1 SYSTEMPATH\BaseModel.php(1242): CodeIgniter\Database\Exceptions\DataException::forInvalidAllowedFields()
 2 SYSTEMPATH\BaseModel.php(757): CodeIgniter\BaseModel->doProtectFields()
 3 SYSTEMPATH\Model.php(729): CodeIgniter\BaseModel->insert()
 4 SYSTEMPATH\BaseModel.php(692): CodeIgniter\Model->insert()
 5 APPPATH\Controllers\UserController.php(83): CodeIgniter\BaseModel->save()
 6 SYSTEMPATH\CodeIgniter.php(934): App\Controllers\UserController->create()
 7 SYSTEMPATH\CodeIgniter.php(499): CodeIgniter\CodeIgniter->runController()
 8 SYSTEMPATH\CodeIgniter.php(368): CodeIgniter\CodeIgniter->handleRequest()
 9 FCPATH\index.php(69): CodeIgniter\CodeIgniter->run()
INFO - 2023-01-29 09:28:48 --> Session: Class initialized using 'CodeIgniter\Session\Handlers\FileHandler' driver.
CRITICAL - 2023-01-29 09:28:48 --> Allowed fields must be specified for model: "App\Models\User"
in SYSTEMPATH\BaseModel.php on line 1242.
 1 SYSTEMPATH\BaseModel.php(1242): CodeIgniter\Database\Exceptions\DataException::forInvalidAllowedFields()
 2 SYSTEMPATH\BaseModel.php(757): CodeIgniter\BaseModel->doProtectFields()
 3 SYSTEMPATH\Model.php(729): CodeIgniter\BaseModel->insert()
 4 SYSTEMPATH\BaseModel.php(692): CodeIgniter\Model->insert()
 5 APPPATH\Controllers\UserController.php(82): CodeIgniter\BaseModel->save()
 6 SYSTEMPATH\CodeIgniter.php(934): App\Controllers\UserController->create()
 7 SYSTEMPATH\CodeIgniter.php(499): CodeIgniter\CodeIgniter->runController()
 8 SYSTEMPATH\CodeIgniter.php(368): CodeIgniter\CodeIgniter->handleRequest()
 9 FCPATH\index.php(69): CodeIgniter\CodeIgniter->run()
INFO - 2023-01-29 09:29:28 --> Session: Class initialized using 'CodeIgniter\Session\Handlers\FileHandler' driver.
CRITICAL - 2023-01-29 09:29:28 --> Allowed fields must be specified for model: "App\Models\User"
in SYSTEMPATH\BaseModel.php on line 1242.
 1 SYSTEMPATH\BaseModel.php(1242): CodeIgniter\Database\Exceptions\DataException::forInvalidAllowedFields()
 2 SYSTEMPATH\BaseModel.php(757): CodeIgniter\BaseModel->doProtectFields()
 3 SYSTEMPATH\Model.php(729): CodeIgniter\BaseModel->insert()
 4 SYSTEMPATH\BaseModel.php(692): CodeIgniter\Model->insert()
 5 APPPATH\Controllers\UserController.php(81): CodeIgniter\BaseModel->save()
 6 SYSTEMPATH\CodeIgniter.php(934): App\Controllers\UserController->create()
 7 SYSTEMPATH\CodeIgniter.php(499): CodeIgniter\CodeIgniter->runController()
 8 SYSTEMPATH\CodeIgniter.php(368): CodeIgniter\CodeIgniter->handleRequest()
 9 FCPATH\index.php(69): CodeIgniter\CodeIgniter->run()
INFO - 2023-01-29 09:29:53 --> Session: Class initialized using 'CodeIgniter\Session\Handlers\FileHandler' driver.
CRITICAL - 2023-01-29 09:29:53 --> Allowed fields must be specified for model: "App\Models\User"
in SYSTEMPATH\BaseModel.php on line 1242.
 1 SYSTEMPATH\BaseModel.php(1242): CodeIgniter\Database\Exceptions\DataException::forInvalidAllowedFields()
 2 SYSTEMPATH\BaseModel.php(757): CodeIgniter\BaseModel->doProtectFields()
 3 SYSTEMPATH\Model.php(729): CodeIgniter\BaseModel->insert()
 4 SYSTEMPATH\BaseModel.php(692): CodeIgniter\Model->insert()
 5 APPPATH\Controllers\UserController.php(81): CodeIgniter\BaseModel->save()
 6 SYSTEMPATH\CodeIgniter.php(934): App\Controllers\UserController->create()
 7 SYSTEMPATH\CodeIgniter.php(499): CodeIgniter\CodeIgniter->runController()
 8 SYSTEMPATH\CodeIgniter.php(368): CodeIgniter\CodeIgniter->handleRequest()
 9 FCPATH\index.php(69): CodeIgniter\CodeIgniter->run()
INFO - 2023-01-29 09:32:00 --> Session: Class initialized using 'CodeIgniter\Session\Handlers\FileHandler' driver.
INFO - 2023-01-29 09:32:00 --> Session: Class initialized using 'CodeIgniter\Session\Handlers\FileHandler' driver.
CRITICAL - 2023-01-29 09:32:00 --> Undefined array key "name"
in APPPATH\Views\users\index.php on line 47.
 1 APPPATH\Views\users\index.php(47): CodeIgniter\Debug\Exceptions->errorHandler()
 2 SYSTEMPATH\View\View.php(213): include('APPPATH\\Views\\users\\index.php')
 3 SYSTEMPATH\View\View.php(216): CodeIgniter\View\View->CodeIgniter\View\{closure}()
 4 SYSTEMPATH\Common.php(1177): CodeIgniter\View\View->render()
 5 APPPATH\Controllers\UserController.php(28): view()
 6 SYSTEMPATH\CodeIgniter.php(934): App\Controllers\UserController->index()
 7 SYSTEMPATH\CodeIgniter.php(499): CodeIgniter\CodeIgniter->runController()
 8 SYSTEMPATH\CodeIgniter.php(368): CodeIgniter\CodeIgniter->handleRequest()
 9 FCPATH\index.php(69): CodeIgniter\CodeIgniter->run()
INFO - 2023-01-29 09:32:22 --> Session: Class initialized using 'CodeIgniter\Session\Handlers\FileHandler' driver.
INFO - 2023-01-29 09:32:25 --> Session: Class initialized using 'CodeIgniter\Session\Handlers\FileHandler' driver.
INFO - 2023-01-29 09:32:37 --> Session: Class initialized using 'CodeIgniter\Session\Handlers\FileHandler' driver.
INFO - 2023-01-29 09:32:37 --> Session: Class initialized using 'CodeIgniter\Session\Handlers\FileHandler' driver.
INFO - 2023-01-29 09:33:50 --> Session: Class initialized using 'CodeIgniter\Session\Handlers\FileHandler' driver.
INFO - 2023-01-29 09:34:08 --> Session: Class initialized using 'CodeIgniter\Session\Handlers\FileHandler' driver.
INFO - 2023-01-29 09:34:08 --> Session: Class initialized using 'CodeIgniter\Session\Handlers\FileHandler' driver.
